<?xml version="1.0" encoding="UTF-8"?>
<testsuite xmlns:xsi="http://www.w3.org/2001/XMLSchema-instance" xsi:noNamespaceSchemaLocation="https://maven.apache.org/surefire/maven-surefire-plugin/xsd/surefire-test-report.xsd" name="dswtodcso.AppTest" time="0.031" tests="1" errors="0" skipped="0" failures="0">
  <properties>
    <property name="sun.desktop" value="windows"/>
    <property name="awt.toolkit" value="sun.awt.windows.WToolkit"/>
    <property name="file.encoding.pkg" value="sun.io"/>
    <property name="java.specification.version" value="1.8"/>
    <property name="sun.cpu.isalist" value="amd64"/>
    <property name="sun.jnu.encoding" value="Cp1252"/>
    <property name="java.class.path" value="c:\Users\antot\DSWtoDCSO\dswtodcso\target\test-classes;c:\Users\antot\DSWtoDCSO\dswtodcso\target\classes;C:\Users\antot\.m2\repository\junit\junit\4.11\junit-4.11.jar;C:\Users\antot\.m2\repository\org\hamcrest\hamcrest-core\1.3\hamcrest-core-1.3.jar;C:\Users\antot\.m2\repository\com\googlecode\json-simple\json-simple\1.1.1\json-simple-1.1.1.jar;C:\Users\antot\.m2\repository\net\sourceforge\owlapi\owlapi-apibinding\5.1.4\owlapi-apibinding-5.1.4.jar;C:\Users\antot\.m2\repository\net\sourceforge\owlapi\owlapi-api\5.1.4\owlapi-api-5.1.4.jar;C:\Users\antot\.m2\repository\org\tukaani\xz\1.6\xz-1.6.jar;C:\Users\antot\.m2\repository\org\apache\commons\commons-rdf-api\0.3.0-incubating\commons-rdf-api-0.3.0-incubating.jar;C:\Users\antot\.m2\repository\net\sourceforge\owlapi\owlapi-impl\5.1.4\owlapi-impl-5.1.4.jar;C:\Users\antot\.m2\repository\net\sourceforge\owlapi\owlapi-parsers\5.1.4\owlapi-parsers-5.1.4.jar;C:\Users\antot\.m2\repository\net\sourceforge\owlapi\owlapi-oboformat\5.1.4\owlapi-oboformat-5.1.4.jar;C:\Users\antot\.m2\repository\net\sourceforge\owlapi\owlapi-tools\5.1.4\owlapi-tools-5.1.4.jar;C:\Users\antot\.m2\repository\net\sourceforge\owlapi\owlapi-rio\5.1.4\owlapi-rio-5.1.4.jar;C:\Users\antot\.m2\repository\org\eclipse\rdf4j\rdf4j-model\2.2.2\rdf4j-model-2.2.2.jar;C:\Users\antot\.m2\repository\org\eclipse\rdf4j\rdf4j-util\2.2.2\rdf4j-util-2.2.2.jar;C:\Users\antot\.m2\repository\org\eclipse\rdf4j\rdf4j-rio-api\2.2.2\rdf4j-rio-api-2.2.2.jar;C:\Users\antot\.m2\repository\org\eclipse\rdf4j\rdf4j-rio-languages\2.2.2\rdf4j-rio-languages-2.2.2.jar;C:\Users\antot\.m2\repository\org\eclipse\rdf4j\rdf4j-rio-datatypes\2.2.2\rdf4j-rio-datatypes-2.2.2.jar;C:\Users\antot\.m2\repository\org\eclipse\rdf4j\rdf4j-rio-binary\2.2.2\rdf4j-rio-binary-2.2.2.jar;C:\Users\antot\.m2\repository\org\eclipse\rdf4j\rdf4j-rio-n3\2.2.2\rdf4j-rio-n3-2.2.2.jar;C:\Users\antot\.m2\repository\org\eclipse\rdf4j\rdf4j-rio-nquads\2.2.2\rdf4j-rio-nquads-2.2.2.jar;C:\Users\antot\.m2\repository\org\eclipse\rdf4j\rdf4j-rio-ntriples\2.2.2\rdf4j-rio-ntriples-2.2.2.jar;C:\Users\antot\.m2\repository\org\eclipse\rdf4j\rdf4j-rio-rdfjson\2.2.2\rdf4j-rio-rdfjson-2.2.2.jar;C:\Users\antot\.m2\repository\com\fasterxml\jackson\core\jackson-core\2.8.2\jackson-core-2.8.2.jar;C:\Users\antot\.m2\repository\org\eclipse\rdf4j\rdf4j-rio-rdfxml\2.2.2\rdf4j-rio-rdfxml-2.2.2.jar;C:\Users\antot\.m2\repository\org\eclipse\rdf4j\rdf4j-rio-trix\2.2.2\rdf4j-rio-trix-2.2.2.jar;C:\Users\antot\.m2\repository\org\eclipse\rdf4j\rdf4j-rio-turtle\2.2.2\rdf4j-rio-turtle-2.2.2.jar;C:\Users\antot\.m2\repository\org\eclipse\rdf4j\rdf4j-rio-trig\2.2.2\rdf4j-rio-trig-2.2.2.jar;C:\Users\antot\.m2\repository\org\eclipse\rdf4j\rdf4j-rio-jsonld\2.2.2\rdf4j-rio-jsonld-2.2.2.jar;C:\Users\antot\.m2\repository\com\github\jsonld-java\jsonld-java\0.11.1\jsonld-java-0.11.1.jar;C:\Users\antot\.m2\repository\com\fasterxml\jackson\core\jackson-databind\2.9.0\jackson-databind-2.9.0.jar;C:\Users\antot\.m2\repository\com\fasterxml\jackson\core\jackson-annotations\2.9.0\jackson-annotations-2.9.0.jar;C:\Users\antot\.m2\repository\org\apache\httpcomponents\httpclient-osgi\4.5.3\httpclient-osgi-4.5.3.jar;C:\Users\antot\.m2\repository\org\apache\httpcomponents\httpclient\4.5.3\httpclient-4.5.3.jar;C:\Users\antot\.m2\repository\commons-codec\commons-codec\1.9\commons-codec-1.9.jar;C:\Users\antot\.m2\repository\org\apache\httpcomponents\httpmime\4.5.3\httpmime-4.5.3.jar;C:\Users\antot\.m2\repository\org\apache\httpcomponents\httpclient-cache\4.5.3\httpclient-cache-4.5.3.jar;C:\Users\antot\.m2\repository\org\apache\httpcomponents\fluent-hc\4.5.3\fluent-hc-4.5.3.jar;C:\Users\antot\.m2\repository\org\apache\httpcomponents\httpcore-osgi\4.4.6\httpcore-osgi-4.4.6.jar;C:\Users\antot\.m2\repository\org\apache\httpcomponents\httpcore\4.4.6\httpcore-4.4.6.jar;C:\Users\antot\.m2\repository\org\apache\httpcomponents\httpcore-nio\4.4.6\httpcore-nio-4.4.6.jar;C:\Users\antot\.m2\repository\org\slf4j\jcl-over-slf4j\1.7.25\jcl-over-slf4j-1.7.25.jar;C:\Users\antot\.m2\repository\net\sf\trove4j\trove4j\3.0.3\trove4j-3.0.3.jar;C:\Users\antot\.m2\repository\com\github\ben-manes\caffeine\caffeine\2.5.6\caffeine-2.5.6.jar;C:\Users\antot\.m2\repository\com\google\guava\guava\20.0\guava-20.0.jar;C:\Users\antot\.m2\repository\com\google\inject\guice\4.1.0\guice-4.1.0.jar;C:\Users\antot\.m2\repository\javax\inject\javax.inject\1\javax.inject-1.jar;C:\Users\antot\.m2\repository\aopalliance\aopalliance\1.0\aopalliance-1.0.jar;C:\Users\antot\.m2\repository\com\google\inject\extensions\guice-assistedinject\4.1.0\guice-assistedinject-4.1.0.jar;C:\Users\antot\.m2\repository\com\google\inject\extensions\guice-multibindings\4.1.0\guice-multibindings-4.1.0.jar;C:\Users\antot\.m2\repository\com\google\code\findbugs\jsr305\3.0.1\jsr305-3.0.1.jar;C:\Users\antot\.m2\repository\org\slf4j\slf4j-api\1.7.25\slf4j-api-1.7.25.jar;C:\Users\antot\.m2\repository\commons-io\commons-io\2.5\commons-io-2.5.jar;"/>
    <property name="java.vm.vendor" value="Oracle Corporation"/>
    <property name="sun.arch.data.model" value="64"/>
    <property name="user.variant" value=""/>
    <property name="java.vendor.url" value="http://java.oracle.com/"/>
    <property name="user.timezone" value="Europe/London"/>
    <property name="java.vm.specification.version" value="1.8"/>
    <property name="os.name" value="Windows 10"/>
    <property name="user.country" value="US"/>
    <property name="sun.java.launcher" value="SUN_STANDARD"/>
    <property name="sun.boot.library.path" value="C:\Program Files\Java\jdk1.8.0_202\jre\bin"/>
    <property name="sun.java.command" value="C:\Users\antot\AppData\Local\Temp\surefire3214126845707606140\surefirebooter5584503974211507130.jar C:\Users\antot\AppData\Local\Temp\surefire3214126845707606140 2020-05-10T19-46-59_405-jvmRun1 surefire8126590472596409139tmp surefire_04327048694197667326tmp"/>
    <property name="surefire.test.class.path" value="c:\Users\antot\DSWtoDCSO\dswtodcso\target\test-classes;c:\Users\antot\DSWtoDCSO\dswtodcso\target\classes;C:\Users\antot\.m2\repository\junit\junit\4.11\junit-4.11.jar;C:\Users\antot\.m2\repository\org\hamcrest\hamcrest-core\1.3\hamcrest-core-1.3.jar;C:\Users\antot\.m2\repository\com\googlecode\json-simple\json-simple\1.1.1\json-simple-1.1.1.jar;C:\Users\antot\.m2\repository\net\sourceforge\owlapi\owlapi-apibinding\5.1.4\owlapi-apibinding-5.1.4.jar;C:\Users\antot\.m2\repository\net\sourceforge\owlapi\owlapi-api\5.1.4\owlapi-api-5.1.4.jar;C:\Users\antot\.m2\repository\org\tukaani\xz\1.6\xz-1.6.jar;C:\Users\antot\.m2\repository\org\apache\commons\commons-rdf-api\0.3.0-incubating\commons-rdf-api-0.3.0-incubating.jar;C:\Users\antot\.m2\repository\net\sourceforge\owlapi\owlapi-impl\5.1.4\owlapi-impl-5.1.4.jar;C:\Users\antot\.m2\repository\net\sourceforge\owlapi\owlapi-parsers\5.1.4\owlapi-parsers-5.1.4.jar;C:\Users\antot\.m2\repository\net\sourceforge\owlapi\owlapi-oboformat\5.1.4\owlapi-oboformat-5.1.4.jar;C:\Users\antot\.m2\repository\net\sourceforge\owlapi\owlapi-tools\5.1.4\owlapi-tools-5.1.4.jar;C:\Users\antot\.m2\repository\net\sourceforge\owlapi\owlapi-rio\5.1.4\owlapi-rio-5.1.4.jar;C:\Users\antot\.m2\repository\org\eclipse\rdf4j\rdf4j-model\2.2.2\rdf4j-model-2.2.2.jar;C:\Users\antot\.m2\repository\org\eclipse\rdf4j\rdf4j-util\2.2.2\rdf4j-util-2.2.2.jar;C:\Users\antot\.m2\repository\org\eclipse\rdf4j\rdf4j-rio-api\2.2.2\rdf4j-rio-api-2.2.2.jar;C:\Users\antot\.m2\repository\org\eclipse\rdf4j\rdf4j-rio-languages\2.2.2\rdf4j-rio-languages-2.2.2.jar;C:\Users\antot\.m2\repository\org\eclipse\rdf4j\rdf4j-rio-datatypes\2.2.2\rdf4j-rio-datatypes-2.2.2.jar;C:\Users\antot\.m2\repository\org\eclipse\rdf4j\rdf4j-rio-binary\2.2.2\rdf4j-rio-binary-2.2.2.jar;C:\Users\antot\.m2\repository\org\eclipse\rdf4j\rdf4j-rio-n3\2.2.2\rdf4j-rio-n3-2.2.2.jar;C:\Users\antot\.m2\repository\org\eclipse\rdf4j\rdf4j-rio-nquads\2.2.2\rdf4j-rio-nquads-2.2.2.jar;C:\Users\antot\.m2\repository\org\eclipse\rdf4j\rdf4j-rio-ntriples\2.2.2\rdf4j-rio-ntriples-2.2.2.jar;C:\Users\antot\.m2\repository\org\eclipse\rdf4j\rdf4j-rio-rdfjson\2.2.2\rdf4j-rio-rdfjson-2.2.2.jar;C:\Users\antot\.m2\repository\com\fasterxml\jackson\core\jackson-core\2.8.2\jackson-core-2.8.2.jar;C:\Users\antot\.m2\repository\org\eclipse\rdf4j\rdf4j-rio-rdfxml\2.2.2\rdf4j-rio-rdfxml-2.2.2.jar;C:\Users\antot\.m2\repository\org\eclipse\rdf4j\rdf4j-rio-trix\2.2.2\rdf4j-rio-trix-2.2.2.jar;C:\Users\antot\.m2\repository\org\eclipse\rdf4j\rdf4j-rio-turtle\2.2.2\rdf4j-rio-turtle-2.2.2.jar;C:\Users\antot\.m2\repository\org\eclipse\rdf4j\rdf4j-rio-trig\2.2.2\rdf4j-rio-trig-2.2.2.jar;C:\Users\antot\.m2\repository\org\eclipse\rdf4j\rdf4j-rio-jsonld\2.2.2\rdf4j-rio-jsonld-2.2.2.jar;C:\Users\antot\.m2\repository\com\github\jsonld-java\jsonld-java\0.11.1\jsonld-java-0.11.1.jar;C:\Users\antot\.m2\repository\com\fasterxml\jackson\core\jackson-databind\2.9.0\jackson-databind-2.9.0.jar;C:\Users\antot\.m2\repository\com\fasterxml\jackson\core\jackson-annotations\2.9.0\jackson-annotations-2.9.0.jar;C:\Users\antot\.m2\repository\org\apache\httpcomponents\httpclient-osgi\4.5.3\httpclient-osgi-4.5.3.jar;C:\Users\antot\.m2\repository\org\apache\httpcomponents\httpclient\4.5.3\httpclient-4.5.3.jar;C:\Users\antot\.m2\repository\commons-codec\commons-codec\1.9\commons-codec-1.9.jar;C:\Users\antot\.m2\repository\org\apache\httpcomponents\httpmime\4.5.3\httpmime-4.5.3.jar;C:\Users\antot\.m2\repository\org\apache\httpcomponents\httpclient-cache\4.5.3\httpclient-cache-4.5.3.jar;C:\Users\antot\.m2\repository\org\apache\httpcomponents\fluent-hc\4.5.3\fluent-hc-4.5.3.jar;C:\Users\antot\.m2\repository\org\apache\httpcomponents\httpcore-osgi\4.4.6\httpcore-osgi-4.4.6.jar;C:\Users\antot\.m2\repository\org\apache\httpcomponents\httpcore\4.4.6\httpcore-4.4.6.jar;C:\Users\antot\.m2\repository\org\apache\httpcomponents\httpcore-nio\4.4.6\httpcore-nio-4.4.6.jar;C:\Users\antot\.m2\repository\org\slf4j\jcl-over-slf4j\1.7.25\jcl-over-slf4j-1.7.25.jar;C:\Users\antot\.m2\repository\net\sf\trove4j\trove4j\3.0.3\trove4j-3.0.3.jar;C:\Users\antot\.m2\repository\com\github\ben-manes\caffeine\caffeine\2.5.6\caffeine-2.5.6.jar;C:\Users\antot\.m2\repository\com\google\guava\guava\20.0\guava-20.0.jar;C:\Users\antot\.m2\repository\com\google\inject\guice\4.1.0\guice-4.1.0.jar;C:\Users\antot\.m2\repository\javax\inject\javax.inject\1\javax.inject-1.jar;C:\Users\antot\.m2\repository\aopalliance\aopalliance\1.0\aopalliance-1.0.jar;C:\Users\antot\.m2\repository\com\google\inject\extensions\guice-assistedinject\4.1.0\guice-assistedinject-4.1.0.jar;C:\Users\antot\.m2\repository\com\google\inject\extensions\guice-multibindings\4.1.0\guice-multibindings-4.1.0.jar;C:\Users\antot\.m2\repository\com\google\code\findbugs\jsr305\3.0.1\jsr305-3.0.1.jar;C:\Users\antot\.m2\repository\org\slf4j\slf4j-api\1.7.25\slf4j-api-1.7.25.jar;C:\Users\antot\.m2\repository\commons-io\commons-io\2.5\commons-io-2.5.jar;"/>
    <property name="sun.cpu.endian" value="little"/>
    <property name="user.home" value="C:\Users\antot"/>
    <property name="user.language" value="en"/>
    <property name="java.specification.vendor" value="Oracle Corporation"/>
    <property name="java.home" value="C:\Program Files\Java\jdk1.8.0_202\jre"/>
    <property name="basedir" value="c:\Users\antot\DSWtoDCSO\dswtodcso"/>
    <property name="file.separator" value="\"/>
    <property name="line.separator" value="&#10;"/>
    <property name="java.vm.specification.vendor" value="Oracle Corporation"/>
    <property name="java.specification.name" value="Java Platform API Specification"/>
    <property name="java.awt.graphicsenv" value="sun.awt.Win32GraphicsEnvironment"/>
    <property name="surefire.real.class.path" value="C:\Users\antot\AppData\Local\Temp\surefire3214126845707606140\surefirebooter5584503974211507130.jar"/>
    <property name="sun.boot.class.path" value="C:\Program Files\Java\jdk1.8.0_202\jre\lib\resources.jar;C:\Program Files\Java\jdk1.8.0_202\jre\lib\rt.jar;C:\Program Files\Java\jdk1.8.0_202\jre\lib\sunrsasign.jar;C:\Program Files\Java\jdk1.8.0_202\jre\lib\jsse.jar;C:\Program Files\Java\jdk1.8.0_202\jre\lib\jce.jar;C:\Program Files\Java\jdk1.8.0_202\jre\lib\charsets.jar;C:\Program Files\Java\jdk1.8.0_202\jre\lib\jfr.jar;C:\Program Files\Java\jdk1.8.0_202\jre\classes"/>
    <property name="user.script" value=""/>
    <property name="sun.management.compiler" value="HotSpot 64-Bit Tiered Compilers"/>
    <property name="java.runtime.version" value="1.8.0_202-b08"/>
    <property name="user.name" value="antot"/>
    <property name="path.separator" value=";"/>
    <property name="os.version" value="10.0"/>
    <property name="java.endorsed.dirs" value="C:\Program Files\Java\jdk1.8.0_202\jre\lib\endorsed"/>
    <property name="java.runtime.name" value="Java(TM) SE Runtime Environment"/>
    <property name="file.encoding" value="Cp1252"/>
    <property name="java.vm.name" value="Java HotSpot(TM) 64-Bit Server VM"/>
    <property name="localRepository" value="C:\Users\antot\.m2\repository"/>
    <property name="java.vendor.url.bug" value="http://bugreport.sun.com/bugreport/"/>
    <property name="java.io.tmpdir" value="C:\Users\antot\AppData\Local\Temp\"/>
    <property name="java.version" value="1.8.0_202"/>
    <property name="user.dir" value="c:\Users\antot\DSWtoDCSO\dswtodcso"/>
    <property name="os.arch" value="amd64"/>
    <property name="java.vm.specification.name" value="Java Virtual Machine Specification"/>
    <property name="java.awt.printerjob" value="sun.awt.windows.WPrinterJob"/>
    <property name="sun.os.patch.level" value=""/>
    <property name="java.library.path" value="C:\Program Files\Java\jdk1.8.0_202\jre\bin;C:\Windows\Sun\Java\bin;C:\Windows\system32;C:\Windows;C:\ProgramData\DockerDesktop\version-bin;C:\Program Files\Docker\Docker\Resources\bin;C:\Program Files (x86)\Common Files\Oracle\Java\javapath;C:\Windows\system32;C:\Windows;C:\Windows\System32\Wbem;C:\Windows\System32\WindowsPowerShell\v1.0\;C:\Windows\System32\OpenSSH\;C:\Program Files\NVIDIA Corporation\NVIDIA NvDLISR;C:\Program Files (x86)\NVIDIA Corporation\PhysX\Common;C:\Program Files\PuTTY\;C:\Program Files\Microsoft SQL Server\Client SDK\ODBC\130\Tools\Binn\;C:\Program Files (x86)\Microsoft SQL Server\140\Tools\Binn\;C:\Program Files (x86)\Microsoft SQL Server\Client SDK\ODBC\130\Tools\Binn\;C:\Program Files (x86)\Microsoft SQL Server\140\DTS\Binn\;C:\Program Files (x86)\Microsoft SQL Server\140\Tools\Binn\ManagementStudio\;C:\Program Files\Maven\apache-maven-3.6.0\bin;C:\Program Files\dotnet\;C:\ProgramData\chocolatey\bin;C:\Program Files\Git\cmd;C:\Program Files\Git\mingw64\bin;C:\Program Files\Git\usr\bin;C:\Program Files\Git\bin;C:\Program Files\nodejs\;C:\Program Files\Java\jdk1.8.0_202\bin;C:\Users\antot\AppData\Local\Microsoft\WindowsApps;;C:\Users\antot\AppData\Local\Programs\Microsoft VS Code\bin;C:\Program Files\Oracle\VirtualBox;C:\Users\antot\AppData\Roaming\npm;."/>
    <property name="java.vm.info" value="mixed mode"/>
    <property name="java.vendor" value="Oracle Corporation"/>
    <property name="java.vm.version" value="25.202-b08"/>
    <property name="java.ext.dirs" value="C:\Program Files\Java\jdk1.8.0_202\jre\lib\ext;C:\Windows\Sun\Java\lib\ext"/>
    <property name="sun.io.unicode.encoding" value="UnicodeLittle"/>
    <property name="java.class.version" value="52.0"/>
  </properties>
  <testcase name="shouldAnswerWithTrue" classname="dswtodcso.AppTest" time="0.002"/>
</testsuite>